/home/joacohuara/Proyectos_ROS2/barista_robot/install/modelo_robot/lib/python3.10/site-packages/modelo_robot/__init__.py
/home/joacohuara/Proyectos_ROS2/barista_robot/install/modelo_robot/lib/python3.10/site-packages/modelo_robot/__pycache__/__init__.cpython-310.pyc
/home/joacohuara/Proyectos_ROS2/barista_robot/install/modelo_robot/share/ament_index/resource_index/packages/modelo_robot
/home/joacohuara/Proyectos_ROS2/barista_robot/install/modelo_robot/share/modelo_robot/package.xml
/home/joacohuara/Proyectos_ROS2/barista_robot/install/modelo_robot/share/modelo_robot/urdf/centauri6dof.urdf
/home/joacohuara/Proyectos_ROS2/barista_robot/install/modelo_robot/share/modelo_robot/launch/gazebo.launch.py
/home/joacohuara/Proyectos_ROS2/barista_robot/install/modelo_robot/share/modelo_robot/launch/display.launch.py
/home/joacohuara/Proyectos_ROS2/barista_robot/install/modelo_robot/share/modelo_robot/meshes/pivot1.STL
/home/joacohuara/Proyectos_ROS2/barista_robot/install/modelo_robot/share/modelo_robot/meshes/pinza2.STL
/home/joacohuara/Proyectos_ROS2/barista_robot/install/modelo_robot/share/modelo_robot/meshes/pinza1.STL
/home/joacohuara/Proyectos_ROS2/barista_robot/install/modelo_robot/share/modelo_robot/meshes/gear2.STL
/home/joacohuara/Proyectos_ROS2/barista_robot/install/modelo_robot/share/modelo_robot/meshes/link0.STL
/home/joacohuara/Proyectos_ROS2/barista_robot/install/modelo_robot/share/modelo_robot/meshes/gear1.STL
/home/joacohuara/Proyectos_ROS2/barista_robot/install/modelo_robot/share/modelo_robot/meshes/link3.STL
/home/joacohuara/Proyectos_ROS2/barista_robot/install/modelo_robot/share/modelo_robot/meshes/link2.STL
/home/joacohuara/Proyectos_ROS2/barista_robot/install/modelo_robot/share/modelo_robot/meshes/pivot2.STL
/home/joacohuara/Proyectos_ROS2/barista_robot/install/modelo_robot/share/modelo_robot/meshes/base_link.STL
/home/joacohuara/Proyectos_ROS2/barista_robot/install/modelo_robot/share/modelo_robot/meshes/link5.STL
/home/joacohuara/Proyectos_ROS2/barista_robot/install/modelo_robot/share/modelo_robot/meshes/link4.STL
/home/joacohuara/Proyectos_ROS2/barista_robot/install/modelo_robot/share/modelo_robot/meshes/link6.STL
/home/joacohuara/Proyectos_ROS2/barista_robot/install/modelo_robot/share/modelo_robot/meshes/link1.STL
/home/joacohuara/Proyectos_ROS2/barista_robot/install/modelo_robot/lib/python3.10/site-packages/modelo_robot-0.0.0-py3.10.egg-info/zip-safe
/home/joacohuara/Proyectos_ROS2/barista_robot/install/modelo_robot/lib/python3.10/site-packages/modelo_robot-0.0.0-py3.10.egg-info/top_level.txt
/home/joacohuara/Proyectos_ROS2/barista_robot/install/modelo_robot/lib/python3.10/site-packages/modelo_robot-0.0.0-py3.10.egg-info/dependency_links.txt
/home/joacohuara/Proyectos_ROS2/barista_robot/install/modelo_robot/lib/python3.10/site-packages/modelo_robot-0.0.0-py3.10.egg-info/requires.txt
/home/joacohuara/Proyectos_ROS2/barista_robot/install/modelo_robot/lib/python3.10/site-packages/modelo_robot-0.0.0-py3.10.egg-info/entry_points.txt
/home/joacohuara/Proyectos_ROS2/barista_robot/install/modelo_robot/lib/python3.10/site-packages/modelo_robot-0.0.0-py3.10.egg-info/PKG-INFO
/home/joacohuara/Proyectos_ROS2/barista_robot/install/modelo_robot/lib/python3.10/site-packages/modelo_robot-0.0.0-py3.10.egg-info/SOURCES.txt
