[0.347s] DEBUG:colcon:Command line arguments: ['/usr/bin/colcon', 'build']
[0.347s] DEBUG:colcon:Parsed command line arguments: Namespace(log_base=None, log_level=None, verb_name='build', build_base='build', install_base='install', merge_install=False, symlink_install=False, test_result_base=None, continue_on_error=False, executor='parallel', parallel_workers=4, event_handlers=None, ignore_user_meta=False, metas=['./colcon.meta'], base_paths=['.'], packages_ignore=None, packages_ignore_regex=None, paths=None, packages_up_to=None, packages_up_to_regex=None, packages_above=None, packages_above_and_dependencies=None, packages_above_depth=None, packages_select_by_dep=None, packages_skip_by_dep=None, packages_skip_up_to=None, packages_select_build_failed=False, packages_skip_build_finished=False, packages_select_test_failures=False, packages_skip_test_passed=False, packages_select=None, packages_skip=None, packages_select_regex=None, packages_skip_regex=None, packages_start=None, packages_end=None, allow_overriding=[], cmake_args=None, cmake_target=None, cmake_target_skip_unavailable=False, cmake_clean_cache=False, cmake_clean_first=False, cmake_force_configure=False, ament_cmake_args=None, catkin_cmake_args=None, catkin_skip_building_tests=False, verb_parser=<colcon_defaults.argument_parser.defaults.DefaultArgumentsDecorator object at 0x7fd8421b99f0>, verb_extension=<colcon_core.verb.build.BuildVerb object at 0x7fd8429b8130>, main=<bound method BuildVerb.main of <colcon_core.verb.build.BuildVerb object at 0x7fd8429b8130>>)
[0.384s] Level 1:colcon.colcon_core.package_discovery:discover_packages(colcon_meta) check parameters
[0.384s] Level 1:colcon.colcon_core.package_discovery:discover_packages(recursive) check parameters
[0.384s] Level 1:colcon.colcon_core.package_discovery:discover_packages(ignore) check parameters
[0.384s] Level 1:colcon.colcon_core.package_discovery:discover_packages(path) check parameters
[0.384s] Level 1:colcon.colcon_core.package_discovery:discover_packages(colcon_meta) discover
[0.385s] Level 1:colcon.colcon_core.package_discovery:discover_packages(recursive) discover
[0.385s] INFO:colcon.colcon_core.package_discovery:Crawling recursively for packages in '/home/joacohuara/Proyectos_ROS2/barista_robot'
[0.385s] Level 1:colcon.colcon_core.package_identification:_identify(.) by extensions ['ignore', 'ignore_ament_install']
[0.385s] Level 1:colcon.colcon_core.package_identification:_identify(.) by extension 'ignore'
[0.385s] Level 1:colcon.colcon_core.package_identification:_identify(.) by extension 'ignore_ament_install'
[0.385s] Level 1:colcon.colcon_core.package_identification:_identify(.) by extensions ['colcon_pkg']
[0.385s] Level 1:colcon.colcon_core.package_identification:_identify(.) by extension 'colcon_pkg'
[0.385s] Level 1:colcon.colcon_core.package_identification:_identify(.) by extensions ['colcon_meta']
[0.385s] Level 1:colcon.colcon_core.package_identification:_identify(.) by extension 'colcon_meta'
[0.385s] Level 1:colcon.colcon_core.package_identification:_identify(.) by extensions ['ros']
[0.385s] Level 1:colcon.colcon_core.package_identification:_identify(.) by extension 'ros'
[0.399s] Level 1:colcon.colcon_core.package_identification:_identify(.) by extensions ['cmake', 'python']
[0.399s] Level 1:colcon.colcon_core.package_identification:_identify(.) by extension 'cmake'
[0.399s] Level 1:colcon.colcon_core.package_identification:_identify(.) by extension 'python'
[0.400s] Level 1:colcon.colcon_core.package_identification:_identify(.) by extensions ['python_setup_py']
[0.400s] Level 1:colcon.colcon_core.package_identification:_identify(.) by extension 'python_setup_py'
[0.400s] Level 1:colcon.colcon_core.package_identification:_identify(build) by extensions ['ignore', 'ignore_ament_install']
[0.400s] Level 1:colcon.colcon_core.package_identification:_identify(build) by extension 'ignore'
[0.400s] Level 1:colcon.colcon_core.package_identification:_identify(build) ignored
[0.400s] Level 1:colcon.colcon_core.package_identification:_identify(install) by extensions ['ignore', 'ignore_ament_install']
[0.400s] Level 1:colcon.colcon_core.package_identification:_identify(install) by extension 'ignore'
[0.400s] Level 1:colcon.colcon_core.package_identification:_identify(install) ignored
[0.400s] Level 1:colcon.colcon_core.package_identification:_identify(log) by extensions ['ignore', 'ignore_ament_install']
[0.400s] Level 1:colcon.colcon_core.package_identification:_identify(log) by extension 'ignore'
[0.400s] Level 1:colcon.colcon_core.package_identification:_identify(log) ignored
[0.401s] Level 1:colcon.colcon_core.package_identification:_identify(src) by extensions ['ignore', 'ignore_ament_install']
[0.401s] Level 1:colcon.colcon_core.package_identification:_identify(src) by extension 'ignore'
[0.401s] Level 1:colcon.colcon_core.package_identification:_identify(src) by extension 'ignore_ament_install'
[0.401s] Level 1:colcon.colcon_core.package_identification:_identify(src) by extensions ['colcon_pkg']
[0.401s] Level 1:colcon.colcon_core.package_identification:_identify(src) by extension 'colcon_pkg'
[0.401s] Level 1:colcon.colcon_core.package_identification:_identify(src) by extensions ['colcon_meta']
[0.401s] Level 1:colcon.colcon_core.package_identification:_identify(src) by extension 'colcon_meta'
[0.401s] Level 1:colcon.colcon_core.package_identification:_identify(src) by extensions ['ros']
[0.401s] Level 1:colcon.colcon_core.package_identification:_identify(src) by extension 'ros'
[0.401s] Level 1:colcon.colcon_core.package_identification:_identify(src) by extensions ['cmake', 'python']
[0.401s] Level 1:colcon.colcon_core.package_identification:_identify(src) by extension 'cmake'
[0.401s] Level 1:colcon.colcon_core.package_identification:_identify(src) by extension 'python'
[0.401s] Level 1:colcon.colcon_core.package_identification:_identify(src) by extensions ['python_setup_py']
[0.401s] Level 1:colcon.colcon_core.package_identification:_identify(src) by extension 'python_setup_py'
[0.401s] Level 1:colcon.colcon_core.package_identification:_identify(src/gazebo_ros2_control) by extensions ['ignore', 'ignore_ament_install']
[0.402s] Level 1:colcon.colcon_core.package_identification:_identify(src/gazebo_ros2_control) by extension 'ignore'
[0.402s] Level 1:colcon.colcon_core.package_identification:_identify(src/gazebo_ros2_control) by extension 'ignore_ament_install'
[0.402s] Level 1:colcon.colcon_core.package_identification:_identify(src/gazebo_ros2_control) by extensions ['colcon_pkg']
[0.402s] Level 1:colcon.colcon_core.package_identification:_identify(src/gazebo_ros2_control) by extension 'colcon_pkg'
[0.402s] Level 1:colcon.colcon_core.package_identification:_identify(src/gazebo_ros2_control) by extensions ['colcon_meta']
[0.402s] Level 1:colcon.colcon_core.package_identification:_identify(src/gazebo_ros2_control) by extension 'colcon_meta'
[0.402s] Level 1:colcon.colcon_core.package_identification:_identify(src/gazebo_ros2_control) by extensions ['ros']
[0.402s] Level 1:colcon.colcon_core.package_identification:_identify(src/gazebo_ros2_control) by extension 'ros'
[0.405s] DEBUG:colcon.colcon_core.package_identification:Package 'src/gazebo_ros2_control' with type 'ros.ament_cmake' and name 'gazebo_ros2_control'
[0.405s] Level 1:colcon.colcon_core.package_identification:_identify(src/modelo_robot) by extensions ['ignore', 'ignore_ament_install']
[0.405s] Level 1:colcon.colcon_core.package_identification:_identify(src/modelo_robot) by extension 'ignore'
[0.405s] Level 1:colcon.colcon_core.package_identification:_identify(src/modelo_robot) by extension 'ignore_ament_install'
[0.405s] Level 1:colcon.colcon_core.package_identification:_identify(src/modelo_robot) by extensions ['colcon_pkg']
[0.405s] Level 1:colcon.colcon_core.package_identification:_identify(src/modelo_robot) by extension 'colcon_pkg'
[0.405s] Level 1:colcon.colcon_core.package_identification:_identify(src/modelo_robot) by extensions ['colcon_meta']
[0.405s] Level 1:colcon.colcon_core.package_identification:_identify(src/modelo_robot) by extension 'colcon_meta'
[0.405s] Level 1:colcon.colcon_core.package_identification:_identify(src/modelo_robot) by extensions ['ros']
[0.405s] Level 1:colcon.colcon_core.package_identification:_identify(src/modelo_robot) by extension 'ros'
[0.406s] DEBUG:colcon.colcon_core.package_identification:Package 'src/modelo_robot' with type 'ros.ament_python' and name 'modelo_robot'
[0.406s] Level 1:colcon.colcon_core.package_discovery:discover_packages(recursive) using defaults
[0.406s] Level 1:colcon.colcon_core.package_discovery:discover_packages(ignore) discover
[0.406s] Level 1:colcon.colcon_core.package_discovery:discover_packages(ignore) using defaults
[0.406s] Level 1:colcon.colcon_core.package_discovery:discover_packages(path) discover
[0.406s] Level 1:colcon.colcon_core.package_discovery:discover_packages(path) using defaults
[0.434s] Level 1:colcon.colcon_core.package_discovery:discover_packages(prefix_path) check parameters
[0.434s] Level 1:colcon.colcon_core.package_discovery:discover_packages(prefix_path) discover
[0.438s] DEBUG:colcon.colcon_installed_package_information.package_discovery:Found 270 installed packages in /opt/ros/humble
[0.439s] Level 1:colcon.colcon_core.package_discovery:discover_packages(prefix_path) using defaults
[0.507s] Level 5:colcon.colcon_core.verb:set package 'gazebo_ros2_control' build argument 'cmake_args' from command line to 'None'
[0.507s] Level 5:colcon.colcon_core.verb:set package 'gazebo_ros2_control' build argument 'cmake_target' from command line to 'None'
[0.507s] Level 5:colcon.colcon_core.verb:set package 'gazebo_ros2_control' build argument 'cmake_target_skip_unavailable' from command line to 'False'
[0.507s] Level 5:colcon.colcon_core.verb:set package 'gazebo_ros2_control' build argument 'cmake_clean_cache' from command line to 'False'
[0.507s] Level 5:colcon.colcon_core.verb:set package 'gazebo_ros2_control' build argument 'cmake_clean_first' from command line to 'False'
[0.507s] Level 5:colcon.colcon_core.verb:set package 'gazebo_ros2_control' build argument 'cmake_force_configure' from command line to 'False'
[0.507s] Level 5:colcon.colcon_core.verb:set package 'gazebo_ros2_control' build argument 'ament_cmake_args' from command line to 'None'
[0.507s] Level 5:colcon.colcon_core.verb:set package 'gazebo_ros2_control' build argument 'catkin_cmake_args' from command line to 'None'
[0.507s] Level 5:colcon.colcon_core.verb:set package 'gazebo_ros2_control' build argument 'catkin_skip_building_tests' from command line to 'False'
[0.507s] DEBUG:colcon.colcon_core.verb:Building package 'gazebo_ros2_control' with the following arguments: {'ament_cmake_args': None, 'build_base': '/home/joacohuara/Proyectos_ROS2/barista_robot/build/gazebo_ros2_control', 'catkin_cmake_args': None, 'catkin_skip_building_tests': False, 'cmake_args': None, 'cmake_clean_cache': False, 'cmake_clean_first': False, 'cmake_force_configure': False, 'cmake_target': None, 'cmake_target_skip_unavailable': False, 'install_base': '/home/joacohuara/Proyectos_ROS2/barista_robot/install/gazebo_ros2_control', 'merge_install': False, 'path': '/home/joacohuara/Proyectos_ROS2/barista_robot/src/gazebo_ros2_control', 'symlink_install': False, 'test_result_base': None}
[0.508s] Level 5:colcon.colcon_core.verb:set package 'modelo_robot' build argument 'cmake_args' from command line to 'None'
[0.509s] Level 5:colcon.colcon_core.verb:set package 'modelo_robot' build argument 'cmake_target' from command line to 'None'
[0.509s] Level 5:colcon.colcon_core.verb:set package 'modelo_robot' build argument 'cmake_target_skip_unavailable' from command line to 'False'
[0.509s] Level 5:colcon.colcon_core.verb:set package 'modelo_robot' build argument 'cmake_clean_cache' from command line to 'False'
[0.509s] Level 5:colcon.colcon_core.verb:set package 'modelo_robot' build argument 'cmake_clean_first' from command line to 'False'
[0.509s] Level 5:colcon.colcon_core.verb:set package 'modelo_robot' build argument 'cmake_force_configure' from command line to 'False'
[0.509s] Level 5:colcon.colcon_core.verb:set package 'modelo_robot' build argument 'ament_cmake_args' from command line to 'None'
[0.509s] Level 5:colcon.colcon_core.verb:set package 'modelo_robot' build argument 'catkin_cmake_args' from command line to 'None'
[0.509s] Level 5:colcon.colcon_core.verb:set package 'modelo_robot' build argument 'catkin_skip_building_tests' from command line to 'False'
[0.509s] DEBUG:colcon.colcon_core.verb:Building package 'modelo_robot' with the following arguments: {'ament_cmake_args': None, 'build_base': '/home/joacohuara/Proyectos_ROS2/barista_robot/build/modelo_robot', 'catkin_cmake_args': None, 'catkin_skip_building_tests': False, 'cmake_args': None, 'cmake_clean_cache': False, 'cmake_clean_first': False, 'cmake_force_configure': False, 'cmake_target': None, 'cmake_target_skip_unavailable': False, 'install_base': '/home/joacohuara/Proyectos_ROS2/barista_robot/install/modelo_robot', 'merge_install': False, 'path': '/home/joacohuara/Proyectos_ROS2/barista_robot/src/modelo_robot', 'symlink_install': False, 'test_result_base': None}
[0.509s] INFO:colcon.colcon_core.executor:Executing jobs using 'parallel' executor
[0.513s] DEBUG:colcon.colcon_parallel_executor.executor.parallel:run_until_complete
[0.513s] INFO:colcon.colcon_ros.task.ament_cmake.build:Building ROS package in '/home/joacohuara/Proyectos_ROS2/barista_robot/src/gazebo_ros2_control' with build type 'ament_cmake'
[0.513s] INFO:colcon.colcon_cmake.task.cmake.build:Building CMake package in '/home/joacohuara/Proyectos_ROS2/barista_robot/src/gazebo_ros2_control'
[0.518s] INFO:colcon.colcon_core.plugin_system:Skipping extension 'colcon_core.shell.bat': Not used on non-Windows systems
[0.519s] INFO:colcon.colcon_core.shell:Skip shell extension 'powershell' for command environment: Not usable outside of PowerShell
[0.519s] DEBUG:colcon.colcon_core.shell:Skip shell extension 'dsv' for command environment
[0.523s] INFO:colcon.colcon_ros.task.ament_python.build:Building ROS package in '/home/joacohuara/Proyectos_ROS2/barista_robot/src/modelo_robot' with build type 'ament_python'
[0.523s] Level 1:colcon.colcon_core.shell:create_environment_hook('modelo_robot', 'ament_prefix_path')
[0.524s] INFO:colcon.colcon_core.shell:Creating environment hook '/home/joacohuara/Proyectos_ROS2/barista_robot/install/modelo_robot/share/modelo_robot/hook/ament_prefix_path.ps1'
[0.525s] INFO:colcon.colcon_core.shell:Creating environment descriptor '/home/joacohuara/Proyectos_ROS2/barista_robot/install/modelo_robot/share/modelo_robot/hook/ament_prefix_path.dsv'
[0.526s] INFO:colcon.colcon_core.shell:Creating environment hook '/home/joacohuara/Proyectos_ROS2/barista_robot/install/modelo_robot/share/modelo_robot/hook/ament_prefix_path.sh'
[0.528s] INFO:colcon.colcon_core.shell:Skip shell extension 'powershell' for command environment: Not usable outside of PowerShell
[0.528s] DEBUG:colcon.colcon_core.shell:Skip shell extension 'dsv' for command environment
[0.538s] DEBUG:colcon.colcon_core.event_handler.log_command:Invoking command in '/home/joacohuara/Proyectos_ROS2/barista_robot/build/gazebo_ros2_control': CMAKE_PREFIX_PATH=/opt/ros/humble CONDA_PROMPT_MODIFIER=(base) /usr/bin/cmake --build /home/joacohuara/Proyectos_ROS2/barista_robot/build/gazebo_ros2_control -- -j4 -l4
[0.833s] INFO:colcon.colcon_core.task.python.build:Building Python package in '/home/joacohuara/Proyectos_ROS2/barista_robot/src/modelo_robot'
[0.834s] INFO:colcon.colcon_core.shell:Skip shell extension 'powershell' for command environment: Not usable outside of PowerShell
[0.834s] DEBUG:colcon.colcon_core.shell:Skip shell extension 'dsv' for command environment
[0.840s] DEBUG:colcon.colcon_core.event_handler.log_command:Invoked command in '/home/joacohuara/Proyectos_ROS2/barista_robot/build/gazebo_ros2_control' returned '0': CMAKE_PREFIX_PATH=/opt/ros/humble CONDA_PROMPT_MODIFIER=(base) /usr/bin/cmake --build /home/joacohuara/Proyectos_ROS2/barista_robot/build/gazebo_ros2_control -- -j4 -l4
[0.881s] DEBUG:colcon.colcon_core.event_handler.log_command:Invoking command in '/home/joacohuara/Proyectos_ROS2/barista_robot/build/gazebo_ros2_control': CMAKE_PREFIX_PATH=/opt/ros/humble CONDA_PROMPT_MODIFIER=(base) /usr/bin/cmake --install /home/joacohuara/Proyectos_ROS2/barista_robot/build/gazebo_ros2_control
[0.893s] Level 1:colcon.colcon_core.environment:create_environment_scripts_only(gazebo_ros2_control)
[0.894s] DEBUG:colcon.colcon_core.event_handler.log_command:Invoked command in '/home/joacohuara/Proyectos_ROS2/barista_robot/build/gazebo_ros2_control' returned '0': CMAKE_PREFIX_PATH=/opt/ros/humble CONDA_PROMPT_MODIFIER=(base) /usr/bin/cmake --install /home/joacohuara/Proyectos_ROS2/barista_robot/build/gazebo_ros2_control
[0.901s] Level 1:colcon.colcon_core.environment:checking '/home/joacohuara/Proyectos_ROS2/barista_robot/install/gazebo_ros2_control' for CMake module files
[0.901s] Level 1:colcon.colcon_core.environment:checking '/home/joacohuara/Proyectos_ROS2/barista_robot/install/gazebo_ros2_control' for CMake config files
[0.902s] Level 1:colcon.colcon_core.shell:create_environment_hook('gazebo_ros2_control', 'cmake_prefix_path')
[0.904s] INFO:colcon.colcon_core.shell:Creating environment hook '/home/joacohuara/Proyectos_ROS2/barista_robot/install/gazebo_ros2_control/share/gazebo_ros2_control/hook/cmake_prefix_path.ps1'
[0.904s] INFO:colcon.colcon_core.shell:Creating environment descriptor '/home/joacohuara/Proyectos_ROS2/barista_robot/install/gazebo_ros2_control/share/gazebo_ros2_control/hook/cmake_prefix_path.dsv'
[0.904s] INFO:colcon.colcon_core.shell:Creating environment hook '/home/joacohuara/Proyectos_ROS2/barista_robot/install/gazebo_ros2_control/share/gazebo_ros2_control/hook/cmake_prefix_path.sh'
[0.905s] Level 1:colcon.colcon_core.environment:checking '/home/joacohuara/Proyectos_ROS2/barista_robot/install/gazebo_ros2_control/bin'
[0.905s] Level 1:colcon.colcon_core.environment:checking '/home/joacohuara/Proyectos_ROS2/barista_robot/install/gazebo_ros2_control/lib/pkgconfig/gazebo_ros2_control.pc'
[0.906s] Level 1:colcon.colcon_core.environment:checking '/home/joacohuara/Proyectos_ROS2/barista_robot/install/gazebo_ros2_control/lib/python3.10/site-packages'
[0.906s] Level 1:colcon.colcon_core.environment:checking '/home/joacohuara/Proyectos_ROS2/barista_robot/install/gazebo_ros2_control/bin'
[0.907s] INFO:colcon.colcon_core.shell:Creating package script '/home/joacohuara/Proyectos_ROS2/barista_robot/install/gazebo_ros2_control/share/gazebo_ros2_control/package.ps1'
[0.908s] INFO:colcon.colcon_core.shell:Creating package descriptor '/home/joacohuara/Proyectos_ROS2/barista_robot/install/gazebo_ros2_control/share/gazebo_ros2_control/package.dsv'
[0.909s] INFO:colcon.colcon_core.shell:Creating package script '/home/joacohuara/Proyectos_ROS2/barista_robot/install/gazebo_ros2_control/share/gazebo_ros2_control/package.sh'
[0.910s] INFO:colcon.colcon_core.shell:Creating package script '/home/joacohuara/Proyectos_ROS2/barista_robot/install/gazebo_ros2_control/share/gazebo_ros2_control/package.bash'
[0.910s] INFO:colcon.colcon_core.shell:Creating package script '/home/joacohuara/Proyectos_ROS2/barista_robot/install/gazebo_ros2_control/share/gazebo_ros2_control/package.zsh'
[0.911s] Level 1:colcon.colcon_core.environment:create_file_with_runtime_dependencies(/home/joacohuara/Proyectos_ROS2/barista_robot/install/gazebo_ros2_control/share/colcon-core/packages/gazebo_ros2_control)
[0.943s] Level 1:colcon.colcon_core.environment:create_environment_scripts_only(gazebo_ros2_control)
[0.945s] Level 1:colcon.colcon_core.environment:checking '/home/joacohuara/Proyectos_ROS2/barista_robot/install/gazebo_ros2_control' for CMake module files
[0.945s] Level 1:colcon.colcon_core.environment:checking '/home/joacohuara/Proyectos_ROS2/barista_robot/install/gazebo_ros2_control' for CMake config files
[0.946s] Level 1:colcon.colcon_core.shell:create_environment_hook('gazebo_ros2_control', 'cmake_prefix_path')
[0.947s] INFO:colcon.colcon_core.shell:Creating environment hook '/home/joacohuara/Proyectos_ROS2/barista_robot/install/gazebo_ros2_control/share/gazebo_ros2_control/hook/cmake_prefix_path.ps1'
[0.948s] INFO:colcon.colcon_core.shell:Creating environment descriptor '/home/joacohuara/Proyectos_ROS2/barista_robot/install/gazebo_ros2_control/share/gazebo_ros2_control/hook/cmake_prefix_path.dsv'
[0.948s] INFO:colcon.colcon_core.shell:Creating environment hook '/home/joacohuara/Proyectos_ROS2/barista_robot/install/gazebo_ros2_control/share/gazebo_ros2_control/hook/cmake_prefix_path.sh'
[0.949s] Level 1:colcon.colcon_core.environment:checking '/home/joacohuara/Proyectos_ROS2/barista_robot/install/gazebo_ros2_control/bin'
[0.949s] Level 1:colcon.colcon_core.environment:checking '/home/joacohuara/Proyectos_ROS2/barista_robot/install/gazebo_ros2_control/lib/pkgconfig/gazebo_ros2_control.pc'
[0.949s] Level 1:colcon.colcon_core.environment:checking '/home/joacohuara/Proyectos_ROS2/barista_robot/install/gazebo_ros2_control/lib/python3.10/site-packages'
[0.949s] Level 1:colcon.colcon_core.environment:checking '/home/joacohuara/Proyectos_ROS2/barista_robot/install/gazebo_ros2_control/bin'
[0.952s] INFO:colcon.colcon_core.shell:Creating package script '/home/joacohuara/Proyectos_ROS2/barista_robot/install/gazebo_ros2_control/share/gazebo_ros2_control/package.ps1'
[0.952s] INFO:colcon.colcon_core.shell:Creating package descriptor '/home/joacohuara/Proyectos_ROS2/barista_robot/install/gazebo_ros2_control/share/gazebo_ros2_control/package.dsv'
[0.953s] INFO:colcon.colcon_core.shell:Creating package script '/home/joacohuara/Proyectos_ROS2/barista_robot/install/gazebo_ros2_control/share/gazebo_ros2_control/package.sh'
[0.953s] INFO:colcon.colcon_core.shell:Creating package script '/home/joacohuara/Proyectos_ROS2/barista_robot/install/gazebo_ros2_control/share/gazebo_ros2_control/package.bash'
[0.954s] INFO:colcon.colcon_core.shell:Creating package script '/home/joacohuara/Proyectos_ROS2/barista_robot/install/gazebo_ros2_control/share/gazebo_ros2_control/package.zsh'
[0.954s] Level 1:colcon.colcon_core.environment:create_file_with_runtime_dependencies(/home/joacohuara/Proyectos_ROS2/barista_robot/install/gazebo_ros2_control/share/colcon-core/packages/gazebo_ros2_control)
[1.232s] DEBUG:colcon.colcon_core.event_handler.log_command:Invoking command in '/home/joacohuara/Proyectos_ROS2/barista_robot/src/modelo_robot': CONDA_PROMPT_MODIFIER=(base) PYTHONPATH=/home/joacohuara/Proyectos_ROS2/barista_robot/build/modelo_robot/prefix_override:/home/joacohuara/Proyectos_ROS2/barista_robot/install/modelo_robot/lib/python3.10/site-packages:${PYTHONPATH} /usr/bin/python3 setup.py egg_info --egg-base ../../build/modelo_robot build --build-base /home/joacohuara/Proyectos_ROS2/barista_robot/build/modelo_robot/build install --record /home/joacohuara/Proyectos_ROS2/barista_robot/build/modelo_robot/install.log --single-version-externally-managed
[1.566s] Level 1:colcon.colcon_core.environment:checking '/home/joacohuara/Proyectos_ROS2/barista_robot/install/modelo_robot' for CMake module files
[1.567s] DEBUG:colcon.colcon_core.event_handler.log_command:Invoked command in '/home/joacohuara/Proyectos_ROS2/barista_robot/src/modelo_robot' returned '0': CONDA_PROMPT_MODIFIER=(base) PYTHONPATH=/home/joacohuara/Proyectos_ROS2/barista_robot/build/modelo_robot/prefix_override:/home/joacohuara/Proyectos_ROS2/barista_robot/install/modelo_robot/lib/python3.10/site-packages:${PYTHONPATH} /usr/bin/python3 setup.py egg_info --egg-base ../../build/modelo_robot build --build-base /home/joacohuara/Proyectos_ROS2/barista_robot/build/modelo_robot/build install --record /home/joacohuara/Proyectos_ROS2/barista_robot/build/modelo_robot/install.log --single-version-externally-managed
[1.567s] Level 1:colcon.colcon_core.environment:checking '/home/joacohuara/Proyectos_ROS2/barista_robot/install/modelo_robot' for CMake config files
[1.568s] Level 1:colcon.colcon_core.environment:checking '/home/joacohuara/Proyectos_ROS2/barista_robot/install/modelo_robot/lib'
[1.568s] Level 1:colcon.colcon_core.environment:checking '/home/joacohuara/Proyectos_ROS2/barista_robot/install/modelo_robot/bin'
[1.568s] Level 1:colcon.colcon_core.environment:checking '/home/joacohuara/Proyectos_ROS2/barista_robot/install/modelo_robot/lib/pkgconfig/modelo_robot.pc'
[1.569s] Level 1:colcon.colcon_core.environment:checking '/home/joacohuara/Proyectos_ROS2/barista_robot/install/modelo_robot/lib/python3.10/site-packages'
[1.569s] Level 1:colcon.colcon_core.shell:create_environment_hook('modelo_robot', 'pythonpath')
[1.570s] INFO:colcon.colcon_core.shell:Creating environment hook '/home/joacohuara/Proyectos_ROS2/barista_robot/install/modelo_robot/share/modelo_robot/hook/pythonpath.ps1'
[1.571s] INFO:colcon.colcon_core.shell:Creating environment descriptor '/home/joacohuara/Proyectos_ROS2/barista_robot/install/modelo_robot/share/modelo_robot/hook/pythonpath.dsv'
[1.571s] INFO:colcon.colcon_core.shell:Creating environment hook '/home/joacohuara/Proyectos_ROS2/barista_robot/install/modelo_robot/share/modelo_robot/hook/pythonpath.sh'
[1.572s] Level 1:colcon.colcon_core.environment:checking '/home/joacohuara/Proyectos_ROS2/barista_robot/install/modelo_robot/bin'
[1.572s] Level 1:colcon.colcon_core.environment:create_environment_scripts_only(modelo_robot)
[1.573s] INFO:colcon.colcon_core.shell:Creating package script '/home/joacohuara/Proyectos_ROS2/barista_robot/install/modelo_robot/share/modelo_robot/package.ps1'
[1.574s] INFO:colcon.colcon_core.shell:Creating package descriptor '/home/joacohuara/Proyectos_ROS2/barista_robot/install/modelo_robot/share/modelo_robot/package.dsv'
[1.574s] INFO:colcon.colcon_core.shell:Creating package script '/home/joacohuara/Proyectos_ROS2/barista_robot/install/modelo_robot/share/modelo_robot/package.sh'
[1.575s] INFO:colcon.colcon_core.shell:Creating package script '/home/joacohuara/Proyectos_ROS2/barista_robot/install/modelo_robot/share/modelo_robot/package.bash'
[1.575s] INFO:colcon.colcon_core.shell:Creating package script '/home/joacohuara/Proyectos_ROS2/barista_robot/install/modelo_robot/share/modelo_robot/package.zsh'
[1.576s] Level 1:colcon.colcon_core.environment:create_file_with_runtime_dependencies(/home/joacohuara/Proyectos_ROS2/barista_robot/install/modelo_robot/share/colcon-core/packages/modelo_robot)
[1.576s] DEBUG:colcon.colcon_parallel_executor.executor.parallel:closing loop
[1.576s] DEBUG:colcon.colcon_parallel_executor.executor.parallel:loop closed
[1.576s] DEBUG:colcon.colcon_parallel_executor.executor.parallel:run_until_complete finished with '0'
[1.576s] DEBUG:colcon.colcon_core.event_reactor:joining thread
[1.583s] INFO:colcon.colcon_core.plugin_system:Skipping extension 'colcon_notification.desktop_notification.terminal_notifier': Not used on non-Darwin systems
[1.583s] INFO:colcon.colcon_core.plugin_system:Skipping extension 'colcon_notification.desktop_notification.win32': Not used on non-Windows systems
[1.583s] INFO:colcon.colcon_notification.desktop_notification:Sending desktop notification using 'notify2'
[1.597s] DEBUG:colcon.colcon_core.event_reactor:joined thread
[1.599s] INFO:colcon.colcon_core.shell:Creating prefix script '/home/joacohuara/Proyectos_ROS2/barista_robot/install/local_setup.ps1'
[1.601s] INFO:colcon.colcon_core.shell:Creating prefix util module '/home/joacohuara/Proyectos_ROS2/barista_robot/install/_local_setup_util_ps1.py'
[1.603s] INFO:colcon.colcon_core.shell:Creating prefix chain script '/home/joacohuara/Proyectos_ROS2/barista_robot/install/setup.ps1'
[1.606s] INFO:colcon.colcon_core.shell:Creating prefix script '/home/joacohuara/Proyectos_ROS2/barista_robot/install/local_setup.sh'
[1.607s] INFO:colcon.colcon_core.shell:Creating prefix util module '/home/joacohuara/Proyectos_ROS2/barista_robot/install/_local_setup_util_sh.py'
[1.608s] INFO:colcon.colcon_core.shell:Creating prefix chain script '/home/joacohuara/Proyectos_ROS2/barista_robot/install/setup.sh'
[1.609s] INFO:colcon.colcon_core.shell:Creating prefix script '/home/joacohuara/Proyectos_ROS2/barista_robot/install/local_setup.bash'
[1.610s] INFO:colcon.colcon_core.shell:Creating prefix chain script '/home/joacohuara/Proyectos_ROS2/barista_robot/install/setup.bash'
[1.611s] INFO:colcon.colcon_core.shell:Creating prefix script '/home/joacohuara/Proyectos_ROS2/barista_robot/install/local_setup.zsh'
[1.612s] INFO:colcon.colcon_core.shell:Creating prefix chain script '/home/joacohuara/Proyectos_ROS2/barista_robot/install/setup.zsh'
