[0.752s] Invoking command in '/home/joacohuara/Proyectos_ROS2/barista_robot/src/modelo_robot': CONDA_PROMPT_MODIFIER=(base) PYTHONPATH=/home/joacohuara/Proyectos_ROS2/barista_robot/build/modelo_robot/prefix_override:/home/joacohuara/Proyectos_ROS2/barista_robot/install/modelo_robot/lib/python3.10/site-packages:${PYTHONPATH} /usr/bin/python3 setup.py egg_info --egg-base ../../build/modelo_robot build --build-base /home/joacohuara/Proyectos_ROS2/barista_robot/build/modelo_robot/build install --record /home/joacohuara/Proyectos_ROS2/barista_robot/build/modelo_robot/install.log --single-version-externally-managed
[1.013s] running egg_info
[1.014s] writing ../../build/modelo_robot/modelo_robot.egg-info/PKG-INFO
[1.015s] writing dependency_links to ../../build/modelo_robot/modelo_robot.egg-info/dependency_links.txt
[1.015s] writing entry points to ../../build/modelo_robot/modelo_robot.egg-info/entry_points.txt
[1.015s] writing requirements to ../../build/modelo_robot/modelo_robot.egg-info/requires.txt
[1.015s] writing top-level names to ../../build/modelo_robot/modelo_robot.egg-info/top_level.txt
[1.018s] reading manifest file '../../build/modelo_robot/modelo_robot.egg-info/SOURCES.txt'
[1.020s] writing manifest file '../../build/modelo_robot/modelo_robot.egg-info/SOURCES.txt'
[1.020s] running build
[1.020s] running build_py
[1.021s] running install
[1.021s] /usr/lib/python3/dist-packages/setuptools/command/install.py:34: SetuptoolsDeprecationWarning: setup.py install is deprecated. Use build and pip and other standards-based tools.
[1.022s]   warnings.warn(
[1.022s] running install_lib
[1.024s] running install_data
[1.025s] copying package.xml -> /home/joacohuara/Proyectos_ROS2/barista_robot/install/modelo_robot/share/modelo_robot
[1.025s] creating /home/joacohuara/Proyectos_ROS2/barista_robot/install/modelo_robot/share/modelo_robot/urdf
[1.025s] copying urdf/centauri6dof.urdf -> /home/joacohuara/Proyectos_ROS2/barista_robot/install/modelo_robot/share/modelo_robot/urdf
[1.026s] creating /home/joacohuara/Proyectos_ROS2/barista_robot/install/modelo_robot/share/modelo_robot/launch
[1.026s] copying launch/display.launch.py -> /home/joacohuara/Proyectos_ROS2/barista_robot/install/modelo_robot/share/modelo_robot/launch
[1.026s] creating /home/joacohuara/Proyectos_ROS2/barista_robot/install/modelo_robot/share/modelo_robot/meshes
[1.026s] copying meshes/pivot1.STL -> /home/joacohuara/Proyectos_ROS2/barista_robot/install/modelo_robot/share/modelo_robot/meshes
[1.026s] copying meshes/pinza2.STL -> /home/joacohuara/Proyectos_ROS2/barista_robot/install/modelo_robot/share/modelo_robot/meshes
[1.026s] copying meshes/pinza1.STL -> /home/joacohuara/Proyectos_ROS2/barista_robot/install/modelo_robot/share/modelo_robot/meshes
[1.027s] copying meshes/gear2.STL -> /home/joacohuara/Proyectos_ROS2/barista_robot/install/modelo_robot/share/modelo_robot/meshes
[1.028s] copying meshes/link0.STL -> /home/joacohuara/Proyectos_ROS2/barista_robot/install/modelo_robot/share/modelo_robot/meshes
[1.033s] copying meshes/gear1.STL -> /home/joacohuara/Proyectos_ROS2/barista_robot/install/modelo_robot/share/modelo_robot/meshes
[1.034s] copying meshes/link3.STL -> /home/joacohuara/Proyectos_ROS2/barista_robot/install/modelo_robot/share/modelo_robot/meshes
[1.035s] copying meshes/link2.STL -> /home/joacohuara/Proyectos_ROS2/barista_robot/install/modelo_robot/share/modelo_robot/meshes
[1.036s] copying meshes/pivot2.STL -> /home/joacohuara/Proyectos_ROS2/barista_robot/install/modelo_robot/share/modelo_robot/meshes
[1.036s] copying meshes/base_link.STL -> /home/joacohuara/Proyectos_ROS2/barista_robot/install/modelo_robot/share/modelo_robot/meshes
[1.036s] copying meshes/link5.STL -> /home/joacohuara/Proyectos_ROS2/barista_robot/install/modelo_robot/share/modelo_robot/meshes
[1.037s] copying meshes/link4.STL -> /home/joacohuara/Proyectos_ROS2/barista_robot/install/modelo_robot/share/modelo_robot/meshes
[1.037s] copying meshes/link6.STL -> /home/joacohuara/Proyectos_ROS2/barista_robot/install/modelo_robot/share/modelo_robot/meshes
[1.038s] copying meshes/link1.STL -> /home/joacohuara/Proyectos_ROS2/barista_robot/install/modelo_robot/share/modelo_robot/meshes
[1.039s] running install_egg_info
[1.041s] removing '/home/joacohuara/Proyectos_ROS2/barista_robot/install/modelo_robot/lib/python3.10/site-packages/modelo_robot-0.0.0-py3.10.egg-info' (and everything under it)
[1.042s] Copying ../../build/modelo_robot/modelo_robot.egg-info to /home/joacohuara/Proyectos_ROS2/barista_robot/install/modelo_robot/lib/python3.10/site-packages/modelo_robot-0.0.0-py3.10.egg-info
[1.043s] running install_scripts
[1.067s] writing list of installed files to '/home/joacohuara/Proyectos_ROS2/barista_robot/build/modelo_robot/install.log'
[1.094s] Invoked command in '/home/joacohuara/Proyectos_ROS2/barista_robot/src/modelo_robot' returned '0': CONDA_PROMPT_MODIFIER=(base) PYTHONPATH=/home/joacohuara/Proyectos_ROS2/barista_robot/build/modelo_robot/prefix_override:/home/joacohuara/Proyectos_ROS2/barista_robot/install/modelo_robot/lib/python3.10/site-packages:${PYTHONPATH} /usr/bin/python3 setup.py egg_info --egg-base ../../build/modelo_robot build --build-base /home/joacohuara/Proyectos_ROS2/barista_robot/build/modelo_robot/build install --record /home/joacohuara/Proyectos_ROS2/barista_robot/build/modelo_robot/install.log --single-version-externally-managed
