[0.879s] Invoking command in '/home/joacohuara/Proyectos_ROS2/barista_robot/src/modelo_robot': CONDA_PROMPT_MODIFIER=(base) PYTHONPATH=/home/joacohuara/Proyectos_ROS2/barista_robot/build/modelo_robot/prefix_override:/home/joacohuara/Proyectos_ROS2/barista_robot/install/modelo_robot/lib/python3.10/site-packages:${PYTHONPATH} /usr/bin/python3 setup.py egg_info --egg-base ../../build/modelo_robot build --build-base /home/joacohuara/Proyectos_ROS2/barista_robot/build/modelo_robot/build install --record /home/joacohuara/Proyectos_ROS2/barista_robot/build/modelo_robot/install.log --single-version-externally-managed
[1.189s] running egg_info
[1.190s] writing ../../build/modelo_robot/modelo_robot.egg-info/PKG-INFO
[1.191s] writing dependency_links to ../../build/modelo_robot/modelo_robot.egg-info/dependency_links.txt
[1.191s] writing entry points to ../../build/modelo_robot/modelo_robot.egg-info/entry_points.txt
[1.192s] writing requirements to ../../build/modelo_robot/modelo_robot.egg-info/requires.txt
[1.192s] writing top-level names to ../../build/modelo_robot/modelo_robot.egg-info/top_level.txt
[1.196s] reading manifest file '../../build/modelo_robot/modelo_robot.egg-info/SOURCES.txt'
[1.198s] writing manifest file '../../build/modelo_robot/modelo_robot.egg-info/SOURCES.txt'
[1.199s] running build
[1.199s] running build_py
[1.199s] running install
[1.200s] /usr/lib/python3/dist-packages/setuptools/command/install.py:34: SetuptoolsDeprecationWarning: setup.py install is deprecated. Use build and pip and other standards-based tools.
[1.200s]   warnings.warn(
[1.200s] running install_lib
[1.202s] running install_data
[1.205s] running install_egg_info
[1.208s] removing '/home/joacohuara/Proyectos_ROS2/barista_robot/install/modelo_robot/lib/python3.10/site-packages/modelo_robot-0.0.0-py3.10.egg-info' (and everything under it)
[1.208s] Copying ../../build/modelo_robot/modelo_robot.egg-info to /home/joacohuara/Proyectos_ROS2/barista_robot/install/modelo_robot/lib/python3.10/site-packages/modelo_robot-0.0.0-py3.10.egg-info
[1.210s] running install_scripts
[1.241s] writing list of installed files to '/home/joacohuara/Proyectos_ROS2/barista_robot/build/modelo_robot/install.log'
[1.274s] Invoked command in '/home/joacohuara/Proyectos_ROS2/barista_robot/src/modelo_robot' returned '0': CONDA_PROMPT_MODIFIER=(base) PYTHONPATH=/home/joacohuara/Proyectos_ROS2/barista_robot/build/modelo_robot/prefix_override:/home/joacohuara/Proyectos_ROS2/barista_robot/install/modelo_robot/lib/python3.10/site-packages:${PYTHONPATH} /usr/bin/python3 setup.py egg_info --egg-base ../../build/modelo_robot build --build-base /home/joacohuara/Proyectos_ROS2/barista_robot/build/modelo_robot/build install --record /home/joacohuara/Proyectos_ROS2/barista_robot/build/modelo_robot/install.log --single-version-externally-managed
