[0.025s] Invoking command in '/home/joacohuara/Proyectos_ROS2/barista_robot/build/gazebo_ros2_control': CMAKE_PREFIX_PATH=/opt/ros/humble CONDA_PROMPT_MODIFIER=(base) /usr/bin/cmake /home/joacohuara/Proyectos_ROS2/barista_robot/src/gazebo_ros2_control -DCMAKE_INSTALL_PREFIX=/home/joacohuara/Proyectos_ROS2/barista_robot/install/gazebo_ros2_control
[0.283s] -- The C compiler identification is GNU 11.3.0
[0.457s] -- The CXX compiler identification is GNU 11.3.0
[0.472s] -- Detecting C compiler ABI info
[0.563s] -- Detecting C compiler ABI info - done
[0.580s] -- Check for working C compiler: /usr/bin/cc - skipped
[0.581s] -- Detecting C compile features
[0.583s] -- Detecting C compile features - done
[0.590s] -- Detecting CXX compiler ABI info
[0.704s] -- Detecting CXX compiler ABI info - done
[0.714s] -- Check for working CXX compiler: /usr/bin/c++ - skipped
[0.715s] -- Detecting CXX compile features
[0.715s] -- Detecting CXX compile features - done
[0.725s] -- Found ament_cmake: 1.3.4 (/opt/ros/humble/share/ament_cmake/cmake)
[0.991s] -- Found Python3: /usr/bin/python3.10 (found version "3.10.6") found components: Interpreter 
[1.122s] -- Found ament_lint_auto: 0.12.6 (/opt/ros/humble/share/ament_lint_auto/cmake)
[1.239s] -- Added test 'lint_cmake' to check CMake code style
[1.242s] -- Added test 'xmllint' to check XML markup files
[1.245s] -- Configuring done
[1.251s] -- Generating done
[1.252s] -- Build files have been written to: /home/joacohuara/Proyectos_ROS2/barista_robot/build/gazebo_ros2_control
[1.260s] Invoked command in '/home/joacohuara/Proyectos_ROS2/barista_robot/build/gazebo_ros2_control' returned '0': CMAKE_PREFIX_PATH=/opt/ros/humble CONDA_PROMPT_MODIFIER=(base) /usr/bin/cmake /home/joacohuara/Proyectos_ROS2/barista_robot/src/gazebo_ros2_control -DCMAKE_INSTALL_PREFIX=/home/joacohuara/Proyectos_ROS2/barista_robot/install/gazebo_ros2_control
[1.263s] Invoking command in '/home/joacohuara/Proyectos_ROS2/barista_robot/build/gazebo_ros2_control': CMAKE_PREFIX_PATH=/opt/ros/humble CONDA_PROMPT_MODIFIER=(base) /usr/bin/cmake --build /home/joacohuara/Proyectos_ROS2/barista_robot/build/gazebo_ros2_control -- -j4 -l4
[1.312s] Invoked command in '/home/joacohuara/Proyectos_ROS2/barista_robot/build/gazebo_ros2_control' returned '0': CMAKE_PREFIX_PATH=/opt/ros/humble CONDA_PROMPT_MODIFIER=(base) /usr/bin/cmake --build /home/joacohuara/Proyectos_ROS2/barista_robot/build/gazebo_ros2_control -- -j4 -l4
[1.350s] Invoking command in '/home/joacohuara/Proyectos_ROS2/barista_robot/build/gazebo_ros2_control': CMAKE_PREFIX_PATH=/opt/ros/humble CONDA_PROMPT_MODIFIER=(base) /usr/bin/cmake --install /home/joacohuara/Proyectos_ROS2/barista_robot/build/gazebo_ros2_control
[1.359s] -- Install configuration: ""
[1.359s] -- Installing: /home/joacohuara/Proyectos_ROS2/barista_robot/install/gazebo_ros2_control/share/ament_index/resource_index/package_run_dependencies/gazebo_ros2_control
[1.359s] -- Installing: /home/joacohuara/Proyectos_ROS2/barista_robot/install/gazebo_ros2_control/share/ament_index/resource_index/parent_prefix_path/gazebo_ros2_control
[1.360s] -- Installing: /home/joacohuara/Proyectos_ROS2/barista_robot/install/gazebo_ros2_control/share/gazebo_ros2_control/environment/ament_prefix_path.sh
[1.360s] -- Installing: /home/joacohuara/Proyectos_ROS2/barista_robot/install/gazebo_ros2_control/share/gazebo_ros2_control/environment/ament_prefix_path.dsv
[1.360s] -- Installing: /home/joacohuara/Proyectos_ROS2/barista_robot/install/gazebo_ros2_control/share/gazebo_ros2_control/environment/path.sh
[1.360s] -- Installing: /home/joacohuara/Proyectos_ROS2/barista_robot/install/gazebo_ros2_control/share/gazebo_ros2_control/environment/path.dsv
[1.361s] -- Installing: /home/joacohuara/Proyectos_ROS2/barista_robot/install/gazebo_ros2_control/share/gazebo_ros2_control/local_setup.bash
[1.361s] -- Installing: /home/joacohuara/Proyectos_ROS2/barista_robot/install/gazebo_ros2_control/share/gazebo_ros2_control/local_setup.sh
[1.361s] -- Installing: /home/joacohuara/Proyectos_ROS2/barista_robot/install/gazebo_ros2_control/share/gazebo_ros2_control/local_setup.zsh
[1.361s] -- Installing: /home/joacohuara/Proyectos_ROS2/barista_robot/install/gazebo_ros2_control/share/gazebo_ros2_control/local_setup.dsv
[1.361s] -- Installing: /home/joacohuara/Proyectos_ROS2/barista_robot/install/gazebo_ros2_control/share/gazebo_ros2_control/package.dsv
[1.362s] -- Installing: /home/joacohuara/Proyectos_ROS2/barista_robot/install/gazebo_ros2_control/share/ament_index/resource_index/packages/gazebo_ros2_control
[1.362s] -- Installing: /home/joacohuara/Proyectos_ROS2/barista_robot/install/gazebo_ros2_control/share/gazebo_ros2_control/cmake/gazebo_ros2_controlConfig.cmake
[1.362s] -- Installing: /home/joacohuara/Proyectos_ROS2/barista_robot/install/gazebo_ros2_control/share/gazebo_ros2_control/cmake/gazebo_ros2_controlConfig-version.cmake
[1.362s] -- Installing: /home/joacohuara/Proyectos_ROS2/barista_robot/install/gazebo_ros2_control/share/gazebo_ros2_control/package.xml
[1.367s] Invoked command in '/home/joacohuara/Proyectos_ROS2/barista_robot/build/gazebo_ros2_control' returned '0': CMAKE_PREFIX_PATH=/opt/ros/humble CONDA_PROMPT_MODIFIER=(base) /usr/bin/cmake --install /home/joacohuara/Proyectos_ROS2/barista_robot/build/gazebo_ros2_control
