[0.025s] Invoking command in '/home/joacohuara/Proyectos_ROS2/barista_robot/build/gazebo_ros2_control': CMAKE_PREFIX_PATH=/opt/ros/humble CONDA_PROMPT_MODIFIER=(base) /usr/bin/cmake --build /home/joacohuara/Proyectos_ROS2/barista_robot/build/gazebo_ros2_control -- -j4 -l4
[0.328s] Invoked command in '/home/joacohuara/Proyectos_ROS2/barista_robot/build/gazebo_ros2_control' returned '0': CMAKE_PREFIX_PATH=/opt/ros/humble CONDA_PROMPT_MODIFIER=(base) /usr/bin/cmake --build /home/joacohuara/Proyectos_ROS2/barista_robot/build/gazebo_ros2_control -- -j4 -l4
[0.369s] Invoking command in '/home/joacohuara/Proyectos_ROS2/barista_robot/build/gazebo_ros2_control': CMAKE_PREFIX_PATH=/opt/ros/humble CONDA_PROMPT_MODIFIER=(base) /usr/bin/cmake --install /home/joacohuara/Proyectos_ROS2/barista_robot/build/gazebo_ros2_control
[0.377s] -- Install configuration: ""
[0.377s] -- Up-to-date: /home/joacohuara/Proyectos_ROS2/barista_robot/install/gazebo_ros2_control/share/ament_index/resource_index/package_run_dependencies/gazebo_ros2_control
[0.378s] -- Up-to-date: /home/joacohuara/Proyectos_ROS2/barista_robot/install/gazebo_ros2_control/share/ament_index/resource_index/parent_prefix_path/gazebo_ros2_control
[0.378s] -- Up-to-date: /home/joacohuara/Proyectos_ROS2/barista_robot/install/gazebo_ros2_control/share/gazebo_ros2_control/environment/ament_prefix_path.sh
[0.378s] -- Up-to-date: /home/joacohuara/Proyectos_ROS2/barista_robot/install/gazebo_ros2_control/share/gazebo_ros2_control/environment/ament_prefix_path.dsv
[0.378s] -- Up-to-date: /home/joacohuara/Proyectos_ROS2/barista_robot/install/gazebo_ros2_control/share/gazebo_ros2_control/environment/path.sh
[0.379s] -- Up-to-date: /home/joacohuara/Proyectos_ROS2/barista_robot/install/gazebo_ros2_control/share/gazebo_ros2_control/environment/path.dsv
[0.379s] -- Up-to-date: /home/joacohuara/Proyectos_ROS2/barista_robot/install/gazebo_ros2_control/share/gazebo_ros2_control/local_setup.bash
[0.379s] -- Up-to-date: /home/joacohuara/Proyectos_ROS2/barista_robot/install/gazebo_ros2_control/share/gazebo_ros2_control/local_setup.sh
[0.379s] -- Up-to-date: /home/joacohuara/Proyectos_ROS2/barista_robot/install/gazebo_ros2_control/share/gazebo_ros2_control/local_setup.zsh
[0.379s] -- Up-to-date: /home/joacohuara/Proyectos_ROS2/barista_robot/install/gazebo_ros2_control/share/gazebo_ros2_control/local_setup.dsv
[0.379s] -- Installing: /home/joacohuara/Proyectos_ROS2/barista_robot/install/gazebo_ros2_control/share/gazebo_ros2_control/package.dsv
[0.380s] -- Up-to-date: /home/joacohuara/Proyectos_ROS2/barista_robot/install/gazebo_ros2_control/share/ament_index/resource_index/packages/gazebo_ros2_control
[0.380s] -- Up-to-date: /home/joacohuara/Proyectos_ROS2/barista_robot/install/gazebo_ros2_control/share/gazebo_ros2_control/cmake/gazebo_ros2_controlConfig.cmake
[0.380s] -- Up-to-date: /home/joacohuara/Proyectos_ROS2/barista_robot/install/gazebo_ros2_control/share/gazebo_ros2_control/cmake/gazebo_ros2_controlConfig-version.cmake
[0.380s] -- Up-to-date: /home/joacohuara/Proyectos_ROS2/barista_robot/install/gazebo_ros2_control/share/gazebo_ros2_control/package.xml
[0.381s] Invoked command in '/home/joacohuara/Proyectos_ROS2/barista_robot/build/gazebo_ros2_control' returned '0': CMAKE_PREFIX_PATH=/opt/ros/humble CONDA_PROMPT_MODIFIER=(base) /usr/bin/cmake --install /home/joacohuara/Proyectos_ROS2/barista_robot/build/gazebo_ros2_control
