[0.907s] Invoking command in '/home/joacohuara/Proyectos_ROS2/barista_robot/src/modelo_robot': CONDA_PROMPT_MODIFIER=(base) PYTHONPATH=/home/joacohuara/Proyectos_ROS2/barista_robot/build/modelo_robot/prefix_override:/home/joacohuara/Proyectos_ROS2/barista_robot/install/modelo_robot/lib/python3.10/site-packages:${PYTHONPATH} /usr/bin/python3 setup.py egg_info --egg-base ../../build/modelo_robot build --build-base /home/joacohuara/Proyectos_ROS2/barista_robot/build/modelo_robot/build install --record /home/joacohuara/Proyectos_ROS2/barista_robot/build/modelo_robot/install.log --single-version-externally-managed
[1.234s] running egg_info
[1.235s] writing ../../build/modelo_robot/modelo_robot.egg-info/PKG-INFO
[1.235s] writing dependency_links to ../../build/modelo_robot/modelo_robot.egg-info/dependency_links.txt
[1.236s] writing entry points to ../../build/modelo_robot/modelo_robot.egg-info/entry_points.txt
[1.236s] writing requirements to ../../build/modelo_robot/modelo_robot.egg-info/requires.txt
[1.236s] writing top-level names to ../../build/modelo_robot/modelo_robot.egg-info/top_level.txt
[1.238s] reading manifest file '../../build/modelo_robot/modelo_robot.egg-info/SOURCES.txt'
[1.240s] writing manifest file '../../build/modelo_robot/modelo_robot.egg-info/SOURCES.txt'
[1.240s] running build
[1.240s] running build_py
[1.241s] running install
[1.241s] /usr/lib/python3/dist-packages/setuptools/command/install.py:34: SetuptoolsDeprecationWarning: setup.py install is deprecated. Use build and pip and other standards-based tools.
[1.241s]   warnings.warn(
[1.242s] running install_lib
[1.244s] running install_data
[1.245s] copying urdf/centauri6dof.urdf -> /home/joacohuara/Proyectos_ROS2/barista_robot/install/modelo_robot/share/modelo_robot/urdf
[1.246s] running install_egg_info
[1.248s] removing '/home/joacohuara/Proyectos_ROS2/barista_robot/install/modelo_robot/lib/python3.10/site-packages/modelo_robot-0.0.0-py3.10.egg-info' (and everything under it)
[1.249s] Copying ../../build/modelo_robot/modelo_robot.egg-info to /home/joacohuara/Proyectos_ROS2/barista_robot/install/modelo_robot/lib/python3.10/site-packages/modelo_robot-0.0.0-py3.10.egg-info
[1.250s] running install_scripts
[1.277s] writing list of installed files to '/home/joacohuara/Proyectos_ROS2/barista_robot/build/modelo_robot/install.log'
[1.307s] Invoked command in '/home/joacohuara/Proyectos_ROS2/barista_robot/src/modelo_robot' returned '0': CONDA_PROMPT_MODIFIER=(base) PYTHONPATH=/home/joacohuara/Proyectos_ROS2/barista_robot/build/modelo_robot/prefix_override:/home/joacohuara/Proyectos_ROS2/barista_robot/install/modelo_robot/lib/python3.10/site-packages:${PYTHONPATH} /usr/bin/python3 setup.py egg_info --egg-base ../../build/modelo_robot build --build-base /home/joacohuara/Proyectos_ROS2/barista_robot/build/modelo_robot/build install --record /home/joacohuara/Proyectos_ROS2/barista_robot/build/modelo_robot/install.log --single-version-externally-managed
